<?xml version="1.0" encoding="UTF-8"?>
<!-- Generated by org.testng.reporters.JUnitXMLReporter -->
<testsuite hostname="Parag-PC" ignored="0" name="Test" tests="4" failures="0" timestamp="20 Oct 2019 08:52:21 GMT" time="0.054" errors="0">
  <testcase name="Test" time="0.012" classname="Test.A"/>
  <testcase name="Test" time="0.003" classname="Test.B">
    <skipped/>
  </testcase> <!-- Test -->
  <testcase name="Test" time="0.001" classname="Test.B">
    <skipped/>
  </testcase> <!-- Test -->
  <testcase name="Test" time="0.001" classname="Test.B"/>
</testsuite> <!-- Test -->
